[ 2023-04-19 08:11:44,974 ] 23 root - INFO - Data Ingestion methods starts
[ 2023-04-19 08:11:45,088 ] 26 root - INFO - Dataset read as pandas DataFrame
[ 2023-04-19 08:11:45,769 ] 29 root - INFO - Train test split
[ 2023-04-19 08:11:46,375 ] 35 root - INFO - Ingestion of Data is Completed
[ 2023-04-19 08:11:46,500 ] 76 root - INFO - Read train and test data completed
[ 2023-04-19 08:11:46,500 ] 77 root - INFO - Train Dataframe Head : 
       id  carat        cut color clarity  depth  table     x     y     z  price
0  15785   1.01  Very Good     D     SI2   63.9   58.0  6.29  6.32  4.03   4072
1  44547   0.42      Ideal     G     SI1   61.8   55.0  4.82  4.85  2.98    772
2  77340   0.30      Ideal     G    VVS1   61.8   56.0  4.32  4.35  2.68   1013
3  56995   0.72       Fair     D     SI2   64.7   59.0  5.58  5.62  3.62   2743
4  79448   1.06      Ideal     G     VS2   61.9   55.0  6.56  6.53  4.06   7416
[ 2023-04-19 08:11:46,500 ] 78 root - INFO - Test Dataframe Head : 
        id  carat        cut color clarity  depth  table     x     y     z  price
0  149994   0.71      Ideal     F     SI1   62.6   53.0  5.68  5.71  3.57   2816
1   22954   1.04    Premium     H     SI2   61.8   60.0  6.50  6.54  4.02   4155
2   45773   0.42      Ideal     G    VVS2   61.7   55.0  4.84  4.88  2.99   1230
3  168229   0.71    Premium     F     SI2   60.1   60.0  5.84  5.81  3.48   2488
4  151771   0.33  Very Good     H     SI1   62.8   56.0  4.42  4.45  2.78    486
[ 2023-04-19 08:11:46,500 ] 80 root - INFO - Obtaining preprocessing object
[ 2023-04-19 08:11:46,500 ] 28 root - INFO - Data Transformation Initiated
[ 2023-04-19 08:11:46,500 ] 39 root - INFO - Pipeline Initiated
[ 2023-04-19 08:11:46,500 ] 63 root - INFO - Pipeline Completed
[ 2023-04-19 08:11:46,515 ] 92 root - INFO - Applying preprocessing object on training and testing datasets
[ 2023-04-19 08:11:46,753 ] 100 root - INFO - Before save_object
[ 2023-04-19 08:11:46,753 ] 106 root - INFO - preprocessor pickle file saved
[ 2023-04-19 08:11:46,753 ] 25 root - INFO - Splitting Dependent and Independent Variables
[ 2023-04-19 08:11:47,238 ] 41 root - INFO - Model Report: {'LinearRegression': 0.9355591905695342, 'Lasso': 0.9355519071272396, 'Ridge': 0.9355608431268324, 'Elasticnet': 0.8549584824041176}
[ 2023-04-19 08:11:47,238 ] 54 root - INFO - Best Model Found , Model Name : Ridge , R2 Score : 0.9355608431268324
