[ 2023-04-17 22:26:18,955 ] 23 root - INFO - Data Ingestion methods starts
[ 2023-04-17 22:26:19,090 ] 26 root - INFO - Dataset read as pandas DataFrame
[ 2023-04-17 22:26:19,767 ] 29 root - INFO - Train test split
[ 2023-04-17 22:26:20,338 ] 35 root - INFO - Ingestion of Data is Completed
[ 2023-04-17 22:26:20,462 ] 76 root - INFO - Read train and test data completed
[ 2023-04-17 22:26:20,462 ] 77 root - INFO - Train Dataframe Head : 
        id  carat        cut color clarity  depth  table     x     y     z  price
0   60400   1.25    Premium     G     VS2   60.6   59.0  6.89  7.01  4.22   8358
1   28649   0.40      Ideal     E     VS2   62.0   55.0  4.77  4.74  2.95    975
2  139925   0.34      Ideal     H      IF   62.0   55.0  4.48  4.53  2.79    773
3    2276   0.41      Ideal     G      IF   61.5   57.0  4.78  4.81  2.95   1367
4   43060   0.27  Very Good     F    VVS1   61.0   56.0  4.17  4.19  2.55    583
[ 2023-04-17 22:26:20,462 ] 78 root - INFO - Test Dataframe Head : 
        id  carat        cut color clarity  depth  table     x     y     z  price
0  174237   0.42    Premium     E     VS1   61.0   59.0  4.78  4.84  2.94   1134
1  123365   0.78  Very Good     G     VS1   62.9   56.0  5.84  5.88  3.68   3685
2  190162   0.31      Ideal     E    VVS2   61.6   56.0  4.42  4.39  2.71   1046
3  170938   0.40  Very Good     D     SI1   61.7   62.0  4.71  4.72  2.91   1066
4   45318   1.51       Good     J     SI2   63.7   62.0  7.20  7.28  4.61   5818
[ 2023-04-17 22:26:20,462 ] 80 root - INFO - Obtaining preprocessing object
[ 2023-04-17 22:26:20,462 ] 28 root - INFO - Data Transformation Initiated
[ 2023-04-17 22:26:20,462 ] 39 root - INFO - Pipeline Initiated
[ 2023-04-17 22:26:20,462 ] 63 root - INFO - Pipeline Completed
[ 2023-04-17 22:26:20,472 ] 92 root - INFO - Applying preprocessing object on training and testing datasets
[ 2023-04-17 22:26:20,692 ] 100 root - INFO - Before save_object
[ 2023-04-17 22:26:20,692 ] 106 root - INFO - preprocessor pickle file saved
[ 2023-04-17 22:26:20,692 ] 25 root - INFO - Splitting Dependent and Independent Variables
[ 2023-04-17 22:26:21,999 ] 41 root - INFO - Model Report: {'LinearRegression': 0.9357725281567939, 'Lasso': 0.9362073276837533, 'Ridge': 0.9357703398541224, 'Elasticnet': 0.8535514213294559}
[ 2023-04-17 22:26:22,006 ] 54 root - INFO - Best Model Found , Model Name : Lasso , R2 Score : 0.9362073276837533
